<?xml version="1.0" encoding="UTF-8"?>
<protocol level="1.0">
  <perturbations>
    <perturbation id="IL-4 Pulse" initialstate="SS-3">
      <singlepulse parameter="state" target="IL-4" time="3.5" value="1.0" />
    </perturbation>
    <perturbation id="Perturbation of Th2 state" initialstate="SS-3">
      <singlepulse parameter="state" target="IL-4" time="3.5" value="1.0" />
      <singlepulse parameter="state" target="IFN-g" time="10.0" value="1.0" />
    </perturbation>
  </perturbations>
  <states>
    <state id="SS-3">
      <activenode id="GATA3" state="0.0" />
      <activenode id="IFN-b" state="0.0" />
      <activenode id="IFN-bR" state="0.0" />
      <activenode id="IFN-g" state="0.0" />
      <activenode id="IFN-gR" state="0.0" />
      <activenode id="IL-10" state="0.0" />
      <activenode id="IL-10R" state="0.0" />
      <activenode id="IL-12" state="0.0" />
      <activenode id="IL-12R" state="0.0" />
      <activenode id="IL-18" state="0.0" />
      <activenode id="IL-18R" state="0.0" />
      <activenode id="IL-4" state="0.0" />
      <activenode id="IL-4R" state="0.0" />
      <activenode id="IRAK" state="0.0" />
      <activenode id="JAK1" state="0.0" />
      <activenode id="NFAT" state="0.0" />
      <activenode id="SOCS1" state="0.0" />
      <activenode id="STAT1" state="0.0" />
      <activenode id="STAT3" state="0.0" />
      <activenode id="STAT4" state="0.0" />
      <activenode id="STAT6" state="0.0" />
      <activenode id="T-bet" state="0.0" />
      <activenode id="TCR" state="0.0" />
    </state>
    <state id="SS-2">
      <activenode id="GATA3" state="1.0" />
      <activenode id="IFN-b" state="0.0" />
      <activenode id="IFN-bR" state="0.0" />
      <activenode id="IFN-g" state="0.0" />
      <activenode id="IFN-gR" state="0.0" />
      <activenode id="IL-10" state="1.0" />
      <activenode id="IL-10R" state="1.0" />
      <activenode id="IL-12" state="0.0" />
      <activenode id="IL-12R" state="0.0" />
      <activenode id="IL-18" state="0.0" />
      <activenode id="IL-18R" state="0.0" />
      <activenode id="IL-4" state="1.0" />
      <activenode id="IL-4R" state="1.0" />
      <activenode id="IRAK" state="0.0" />
      <activenode id="JAK1" state="0.0" />
      <activenode id="NFAT" state="0.0" />
      <activenode id="SOCS1" state="0.0" />
      <activenode id="STAT1" state="0.0" />
      <activenode id="STAT3" state="1.0" />
      <activenode id="STAT4" state="0.0" />
      <activenode id="STAT6" state="1.0" />
      <activenode id="T-bet" state="0.0" />
      <activenode id="TCR" state="0.0" />
    </state>
    <state id="SS-1">
      <activenode id="GATA3" state="0.0" />
      <activenode id="IFN-b" state="0.0" />
      <activenode id="IFN-bR" state="0.0" />
      <activenode id="IFN-g" state="1.0" />
      <activenode id="IFN-gR" state="1.0" />
      <activenode id="IL-10" state="0.0" />
      <activenode id="IL-10R" state="0.0" />
      <activenode id="IL-12" state="0.0" />
      <activenode id="IL-12R" state="0.0" />
      <activenode id="IL-18" state="0.0" />
      <activenode id="IL-18R" state="0.0" />
      <activenode id="IL-4" state="0.0" />
      <activenode id="IL-4R" state="0.0" />
      <activenode id="IRAK" state="0.0" />
      <activenode id="JAK1" state="0.0" />
      <activenode id="NFAT" state="0.0" />
      <activenode id="SOCS1" state="1.0" />
      <activenode id="STAT1" state="0.0" />
      <activenode id="STAT3" state="0.0" />
      <activenode id="STAT4" state="0.0" />
      <activenode id="STAT6" state="0.0" />
      <activenode id="T-bet" state="1.0" />
      <activenode id="TCR" state="0.0" />
    </state>
  </states>
</protocol>

